# JRE version: OpenJDK Runtime Environment (11.0.8+10) (build 11.0.8+10-b944.6842174)
# Java VM: OpenJDK 64-Bit Server VM (11.0.8+10-b944.6842174, mixed mode, tiered, compressed oops, g1 gc, windows-amd64)
Heap:
 garbage-first heap   total 280576K, used 65661K [0x0000000080000000, 0x0000000100000000)
  region size 1024K, 1 young (1024K), 1 survivors (1024K)
 Metaspace       used 89348K, capacity 91381K, committed 91468K, reserved 1128448K
  class space    used 11194K, capacity 11892K, committed 11904K, reserved 1048576K
GC Heap History (20 events):
Event: 81.865 GC heap after
{Heap after GC invocations=59 (full 0):
 garbage-first heap   total 114688K, used 69015K [0x0000000080000000, 0x0000000100000000)
  region size 1024K, 2 young (2048K), 2 survivors (2048K)
 Metaspace       used 84624K, capacity 86577K, committed 86860K, reserved 1124352K
  class space    used 10644K, capacity 11327K, committed 11392K, reserved 1048576K
}
Event: 84.954 GC heap before
{Heap before GC invocations=60 (full 0):
 garbage-first heap   total 114688K, used 83351K [0x0000000080000000, 0x0000000100000000)
  region size 1024K, 17 young (17408K), 2 survivors (2048K)
 Metaspace       used 84916K, capacity 86935K, committed 87116K, reserved 1124352K
  class space    used 10664K, capacity 11360K, committed 11392K, reserved 1048576K
}
Event: 84.958 GC heap after
{Heap after GC invocations=61 (full 0):
 garbage-first heap   total 114688K, used 67451K [0x0000000080000000, 0x0000000100000000)
  region size 1024K, 1 young (1024K), 1 survivors (1024K)
 Metaspace       used 84916K, capacity 86935K, committed 87116K, reserved 1124352K
  class space    used 10664K, capacity 11360K, committed 11392K, reserved 1048576K
}
Event: 93.853 GC heap before
{Heap before GC invocations=61 (full 0):
 garbage-first heap   total 114688K, used 83835K [0x0000000080000000, 0x0000000100000000)
  region size 1024K, 18 young (18432K), 1 survivors (1024K)
 Metaspace       used 85660K, capacity 87661K, committed 87756K, reserved 1126400K
  class space    used 10736K, capacity 11428K, committed 11520K, reserved 1048576K
}
Event: 93.875 GC heap after
{Heap after GC invocations=62 (full 0):
 garbage-first heap   total 114688K, used 68065K [0x0000000080000000, 0x0000000100000000)
  region size 1024K, 1 young (1024K), 1 survivors (1024K)
 Metaspace       used 85660K, capacity 87661K, committed 87756K, reserved 1126400K
  class space    used 10736K, capacity 11428K, committed 11520K, reserved 1048576K
}
Event: 123.294 GC heap before
{Heap before GC invocations=63 (full 0):
 garbage-first heap   total 114688K, used 84449K [0x0000000080000000, 0x0000000100000000)
  region size 1024K, 19 young (19456K), 1 survivors (1024K)
 Metaspace       used 86683K, capacity 88741K, committed 88908K, reserved 1126400K
  class space    used 10863K, capacity 11569K, committed 11648K, reserved 1048576K
}
Event: 124.588 GC heap after
{Heap after GC invocations=64 (full 0):
 garbage-first heap   total 138240K, used 67308K [0x0000000080000000, 0x0000000100000000)
  region size 1024K, 2 young (2048K), 2 survivors (2048K)
 Metaspace       used 86683K, capacity 88741K, committed 88908K, reserved 1126400K
  class space    used 10863K, capacity 11569K, committed 11648K, reserved 1048576K
}
Event: 133.214 GC heap before
{Heap before GC invocations=64 (full 0):
 garbage-first heap   total 138240K, used 70380K [0x0000000080000000, 0x0000000100000000)
  region size 1024K, 6 young (6144K), 2 survivors (2048K)
 Metaspace       used 87001K, capacity 89029K, committed 89164K, reserved 1126400K
  class space    used 10906K, capacity 11601K, committed 11648K, reserved 1048576K
}
Event: 133.537 GC heap after
{Heap after GC invocations=65 (full 0):
 garbage-first heap   total 138240K, used 64357K [0x0000000080000000, 0x0000000100000000)
  region size 1024K, 1 young (1024K), 1 survivors (1024K)
 Metaspace       used 87001K, capacity 89029K, committed 89164K, reserved 1126400K
  class space    used 10906K, capacity 11601K, committed 11648K, reserved 1048576K
}
Event: 135.577 GC heap before
{Heap before GC invocations=65 (full 0):
 garbage-first heap   total 138240K, used 68453K [0x0000000080000000, 0x0000000100000000)
  region size 1024K, 6 young (6144K), 1 survivors (1024K)
 Metaspace       used 87450K, capacity 89477K, committed 89804K, reserved 1128448K
  class space    used 10973K, capacity 11665K, committed 11776K, reserved 1048576K
}
Event: 135.725 GC heap after
{Heap after GC invocations=66 (full 0):
 garbage-first heap   total 138240K, used 63487K [0x0000000080000000, 0x0000000100000000)
  region size 1024K, 1 young (1024K), 1 survivors (1024K)
 Metaspace       used 87450K, capacity 89477K, committed 89804K, reserved 1128448K
  class space    used 10973K, capacity 11665K, committed 11776K, reserved 1048576K
}
Event: 137.579 GC heap before
{Heap before GC invocations=66 (full 0):
 garbage-first heap   total 138240K, used 67583K [0x0000000080000000, 0x0000000100000000)
  region size 1024K, 6 young (6144K), 1 survivors (1024K)
 Metaspace       used 88025K, capacity 90053K, committed 90316K, reserved 1128448K
  class space    used 11042K, capacity 11729K, committed 11776K, reserved 1048576K
}
Event: 137.585 GC heap after
{Heap after GC invocations=67 (full 0):
 garbage-first heap   total 138240K, used 63567K [0x0000000080000000, 0x0000000100000000)
  region size 1024K, 1 young (1024K), 1 survivors (1024K)
 Metaspace       used 88025K, capacity 90053K, committed 90316K, reserved 1128448K
  class space    used 11042K, capacity 11729K, committed 11776K, reserved 1048576K
}
Event: 139.861 GC heap before
{Heap before GC invocations=67 (full 0):
 garbage-first heap   total 138240K, used 68687K [0x0000000080000000, 0x0000000100000000)
  region size 1024K, 6 young (6144K), 1 survivors (1024K)
 Metaspace       used 88515K, capacity 90565K, committed 90700K, reserved 1128448K
  class space    used 11108K, capacity 11793K, committed 11904K, reserved 1048576K
}
Event: 139.869 GC heap after
{Heap after GC invocations=68 (full 0):
 garbage-first heap   total 138240K, used 63644K [0x0000000080000000, 0x0000000100000000)
  region size 1024K, 1 young (1024K), 1 survivors (1024K)
 Metaspace       used 88515K, capacity 90565K, committed 90700K, reserved 1128448K
  class space    used 11108K, capacity 11793K, committed 11904K, reserved 1048576K
}
Event: 140.988 GC heap before
{Heap before GC invocations=68 (full 0):
 garbage-first heap   total 138240K, used 68764K [0x0000000080000000, 0x0000000100000000)
  region size 1024K, 6 young (6144K), 1 survivors (1024K)
 Metaspace       used 89011K, capacity 91013K, committed 91212K, reserved 1128448K
  class space    used 11169K, capacity 11857K, committed 11904K, reserved 1048576K
}
Event: 141.022 GC heap after
{Heap after GC invocations=69 (full 0):
 garbage-first heap   total 138240K, used 63807K [0x0000000080000000, 0x0000000100000000)
  region size 1024K, 1 young (1024K), 1 survivors (1024K)
 Metaspace       used 89011K, capacity 91013K, committed 91212K, reserved 1128448K
  class space    used 11169K, capacity 11857K, committed 11904K, reserved 1048576K
}
Event: 151.627 GC heap before
{Heap before GC invocations=69 (full 0):
 garbage-first heap   total 138240K, used 70975K [0x0000000080000000, 0x0000000100000000)
  region size 1024K, 8 young (8192K), 1 survivors (1024K)
 Metaspace       used 89271K, capacity 91342K, committed 91468K, reserved 1128448K
  class space    used 11185K, capacity 11859K, committed 11904K, reserved 1048576K
}
Event: 152.715 GC heap after
{Heap after GC invocations=70 (full 0):
 garbage-first heap   total 138240K, used 65314K [0x0000000080000000, 0x0000000100000000)
  region size 1024K, 1 young (1024K), 1 survivors (1024K)
 Metaspace       used 89271K, capacity 91342K, committed 91468K, reserved 1128448K
  class space    used 11185K, capacity 11859K, committed 11904K, reserved 1048576K
}
Event: 331.784 GC heap before
{Heap before GC invocations=70 (full 0):
 garbage-first heap   total 138240K, used 69410K [0x0000000080000000, 0x0000000100000000)
  region size 1024K, 6 young (6144K), 1 survivors (1024K)
 Metaspace       used 89348K, capacity 91381K, committed 91468K, reserved 1128448K
  class space    used 11194K, capacity 11892K, committed 11904K, reserved 1048576K
}

